2022-04-27 21:04:13 [@WST-FORMA-035]
Interno #1: Executar contract
2022-04-27 21:27:15 [2@WST-FORMA-035]
Interno #1: Executar infocom
2022-04-27 21:32:43 [2@WST-FORMA-035]
Interno #1: Executar mailgate
2022-04-27 21:57:22 [2@WST-FORMA-035]
Interno #1: Executar session
2022-04-27 22:00:12 [@WST-FORMA-035]
Interno #1: Executar graph
2022-04-27 22:03:32 [@WST-FORMA-035]
Interno #1: Executar reservation
2022-04-27 22:06:39 [@WST-FORMA-035]
Interno #1: Executar closeticket
2022-04-27 22:08:24 [@WST-FORMA-035]
Interno #1: Executar alertnotclosed
2022-04-27 22:14:08 [@WST-FORMA-035]
Interno #1: Executar slaticket
2022-04-27 22:19:52 [@WST-FORMA-035]
Interno #1: Executar createinquest
2022-04-27 22:24:12 [@WST-FORMA-035]
Interno #1: Executar watcher
2022-04-27 22:30:30 [@WST-FORMA-035]
Interno #1: Executar RecurrentItems
2022-04-27 22:37:00 [2@WST-FORMA-035]
Interno #1: Executar planningrecall
2022-04-27 22:43:15 [@WST-FORMA-035]
Interno #1: Executar queuednotification
2022-04-27 22:44:17 [@WST-FORMA-035]
Interno #1: Executar queuednotificationclean
2022-04-27 22:45:27 [@WST-FORMA-035]
Interno #1: Executar temp
2022-04-27 23:05:39 [2@WST-FORMA-035]
Interno #1: Executar mailgateerror
2022-04-29 13:31:30 [@WST-FORMA-035]
Interno #1: Executar certificate
2022-04-29 13:31:41 [@WST-FORMA-035]
Interno #1: Executar olaticket
2022-04-29 13:34:17 [@WST-FORMA-035]
Interno #1: Executar mailgate
2022-04-29 13:37:14 [2@WST-FORMA-035]
Interno #1: Executar slaticket
2022-04-29 13:37:25 [@WST-FORMA-035]
Interno #1: Executar planningrecall
2022-04-29 13:40:11 [@WST-FORMA-035]
Interno #1: Executar queuednotification
2022-04-29 13:40:49 [@WST-FORMA-035]
Interno #1: Executar graph
2022-04-29 13:41:12 [@WST-FORMA-035]
Interno #1: Executar reservation
2022-04-29 13:41:28 [@WST-FORMA-035]
Interno #1: Executar RecurrentItems
2022-04-29 13:51:26 [4@WST-FORMA-035]
Internal #1: Launch temp
2022-04-29 13:51:50 [@WST-FORMA-035]
Interno #1: Executar closeticket
2022-04-29 13:52:02 [@WST-FORMA-035]
Interno #1: Executar alertnotclosed
2022-04-29 13:52:12 [2@WST-FORMA-035]
Interno #1: Executar contract
2022-04-29 13:57:59 [@WST-FORMA-035]
Interno #1: Executar infocom
2022-04-29 13:58:50 [2@WST-FORMA-035]
Interno #1: Executar session
2022-04-29 13:58:57 [@WST-FORMA-035]
Interno #1: Executar createinquest
2022-04-29 14:00:39 [@WST-FORMA-035]
Interno #1: Executar watcher
2022-04-29 14:01:28 [@WST-FORMA-035]
Interno #1: Executar queuednotificationclean
2022-04-29 14:01:44 [@WST-FORMA-035]
Interno #1: Executar mailgateerror
2022-04-29 14:03:29 [@WST-FORMA-035]
Interno #1: Executar olaticket
2022-04-29 14:06:08 [@WST-FORMA-035]
Interno #1: Executar queuednotification
2022-04-29 14:24:14 [@WST-FORMA-035]
Interno #1: Executar slaticket
2022-04-29 14:28:40 [@WST-FORMA-035]
Interno #1: Executar planningrecall
2022-04-29 14:32:08 [@WST-FORMA-035]
Interno #1: Executar mailgate
2022-04-29 14:33:40 [@WST-FORMA-035]
Interno #1: Executar queuednotification
2022-04-29 22:47:05 [2@WST-FORMA-035]
Interno #1: Executar olaticket
2022-05-06 02:55:49 [@DESKTOP-ESE6GCU]
Interno #1: Executar session
2022-05-06 02:56:22 [@DESKTOP-ESE6GCU]
Interno #1: Executar graph
2022-05-06 02:56:49 [@DESKTOP-ESE6GCU]
Interno #1: Executar reservation
2022-05-06 02:57:05 [@DESKTOP-ESE6GCU]
Interno #1: Executar closeticket
2022-05-06 03:03:25 [@DESKTOP-ESE6GCU]
Interno #1: Executar alertnotclosed
2022-05-06 03:20:49 [2@DESKTOP-ESE6GCU]
Interno #1: Executar slaticket
2022-05-06 03:31:14 [@DESKTOP-ESE6GCU]
Interno #1: Executar createinquest
2022-05-06 03:31:24 [@DESKTOP-ESE6GCU]
Interno #1: Executar watcher
