2022-04-27 21:04:22 [@WST-FORMA-035]
[login] 3: glpi fez login no IP ::1
2022-04-27 22:00:20 [@WST-FORMA-035]
[login] 3: glpi fez login no IP ::1
2022-04-27 22:03:39 [@WST-FORMA-035]
[login] 3: glpi fez login no IP ::1
2022-04-27 22:08:36 [@WST-FORMA-035]
[login] 3: glpi fez login no IP ::1
2022-04-27 22:14:16 [@WST-FORMA-035]
[login] 3: glpi fez login no IP ::1
2022-04-27 22:19:59 [@WST-FORMA-035]
[login] 3: glpi fez login no IP ::1
2022-04-27 22:24:58 [@WST-FORMA-035]
[login] 3: glpi fez login no IP ::1
2022-04-27 22:30:35 [@WST-FORMA-035]
[login] 3: glpi fez login no IP ::1
2022-04-27 22:43:20 [@WST-FORMA-035]
[login] 3: glpi fez login no IP ::1
2022-04-27 22:44:22 [@WST-FORMA-035]
[login] 3: glpi fez login no IP ::1
2022-04-27 22:45:44 [@WST-FORMA-035]
[login] 3: glpi fez login no IP ::1
2022-04-29 13:30:49 [@WST-FORMA-035]
[login] 3: Login falhou para  no IP ::1
2022-04-29 13:31:35 [@WST-FORMA-035]
[login] 3: Login falhou para glpi no IP ::1
2022-04-29 13:31:46 [@WST-FORMA-035]
[login] 3: glpi fez login no IP ::1
2022-04-29 13:34:23 [@WST-FORMA-035]
[login] 3: glpi fez login no IP ::1
2022-04-29 13:37:30 [@WST-FORMA-035]
[login] 3: normal fez login no IP ::1
2022-04-29 13:40:30 [@WST-FORMA-035]
[login] 3: post-only fez login no IP ::1
2022-04-29 13:41:10 [@WST-FORMA-035]
[login] 3: Login falhou para glpi-system no IP ::1
2022-04-29 13:41:26 [@WST-FORMA-035]
[login] 3: Login falhou para glpi-system no IP ::1
2022-04-29 13:42:09 [@WST-FORMA-035]
[login] 3: tech fez login no IP ::1
2022-04-29 13:51:59 [@WST-FORMA-035]
[login] 3: Login falhou para glpi-system no IP ::1
2022-04-29 13:52:44 [@WST-FORMA-035]
[login] 3: Login falhou para support no IP ::1
2022-04-29 13:58:03 [@WST-FORMA-035]
[login] 3: glpi fez login no IP ::1
2022-04-29 13:59:03 [@WST-FORMA-035]
[login] 3: glpi fez login no IP ::1
2022-04-29 14:00:44 [@WST-FORMA-035]
[login] 3: glpi fez login no IP ::1
2022-04-29 14:01:48 [@WST-FORMA-035]
[login] 3: glpi fez login no IP ::1
2022-04-29 14:03:33 [@WST-FORMA-035]
[login] 3: glpi fez login no IP ::1
2022-04-29 14:07:12 [@WST-FORMA-035]
[login] 3: glpi fez login no IP ::1
2022-04-29 14:24:21 [@WST-FORMA-035]
[login] 3: glpi fez login no IP ::1
2022-04-29 14:28:46 [@WST-FORMA-035]
[login] 3: glpi fez login no IP ::1
2022-04-29 14:32:12 [@WST-FORMA-035]
[login] 3: glpi fez login no IP ::1
2022-04-29 14:34:09 [@WST-FORMA-035]
[login] 3: glpi fez login no IP ::1
2022-05-06 02:55:59 [@DESKTOP-ESE6GCU]
[login] 3: glpi ligou-se do IP ::1
2022-05-06 02:56:33 [@DESKTOP-ESE6GCU]
[login] 3: post-only ligou-se do IP ::1
2022-05-06 02:56:53 [@DESKTOP-ESE6GCU]
[login] 3: Falhou login para glpi do IP ::1
2022-05-06 02:56:56 [@DESKTOP-ESE6GCU]
[login] 3: Falhou login para  do IP ::1
2022-05-06 02:57:03 [@DESKTOP-ESE6GCU]
[login] 3: Falhou login para  do IP ::1
2022-05-06 02:57:10 [@DESKTOP-ESE6GCU]
[login] 3: glpi ligou-se do IP ::1
2022-05-06 03:03:32 [@DESKTOP-ESE6GCU]
[login] 3: glpi ligou-se do IP ::1
2022-05-06 03:31:20 [@DESKTOP-ESE6GCU]
[login] 3: Falhou login para glpi do IP ::1
2022-05-06 03:31:28 [@DESKTOP-ESE6GCU]
[login] 3: glpi ligou-se do IP ::1
